빌드 시작: 2014-07-23 오후 8:39:09
     1>3 노드의 "D:\HM\HM-14.0\build\vc10\TLibCommon_vc10.vcxproj" 프로젝트(Rebuild 대상)입니다.
     1>ClCompile:
         D:\visual studio\VC\bin\x86_amd64\CL.exe /c /I"D:\HM\HM-14.0\build\\..\source\Lib\\" /I"D:\HM\HM-14.0\build\\..\compat\msvc" /Zi /nologo /W3 /WX- /O2 /Ob2 /Ot /GL /D WIN32 /D _LIB /D _CRT_SECURE_NO_WARNINGS /D _MBCS /GF /Gm- /EHsc /MT /GS /Gy /fp:precise /Zc:wchar_t /Zc:forScope /Fo"D:\HM\HM-14.0\build\\vc10\x64\Release\TLibCommon\\" /Fd"D:\HM\HM-14.0\build\\vc10\x64\Release\TLibCommon\vc110.pdb" /Gd /TP /errorReport:prompt ..\..\source\Lib\TLibCommon\ContextModel.cpp ..\..\source\Lib\TLibCommon\ContextModel3DBuffer.cpp ..\..\source\Lib\TLibCommon\SEI.cpp ..\..\source\Lib\TLibCommon\TComBitStream.cpp ..\..\source\Lib\TLibCommon\TComCABACTables.cpp ..\..\source\Lib\TLibCommon\TComDataCU.cpp ..\..\source\Lib\TLibCommon\TComInterpolationFilter.cpp ..\..\source\Lib\TLibCommon\TComLoopFilter.cpp ..\..\source\Lib\TLibCommon\TComMotionInfo.cpp ..\..\source\Lib\TLibCommon\TComPattern.cpp ..\..\source\Lib\TLibCommon\TComPic.cpp ..\..\source\Lib\TLibCommon\TComPicSym.cpp ..\..\source\Lib\TLibCommon\TComPicYuv.cpp ..\..\source\Lib\TLibCommon\TComPicYuvMD5.cpp ..\..\source\Lib\TLibCommon\TComPrediction.cpp ..\..\source\Lib\TLibCommon\TComRdCost.cpp ..\..\source\Lib\TLibCommon\TComRdCostWeightPrediction.cpp ..\..\source\Lib\TLibCommon\TComRom.cpp ..\..\source\Lib\TLibCommon\TComSampleAdaptiveOffset.cpp ..\..\source\Lib\TLibCommon\TComSlice.cpp ..\..\source\Lib\TLibCommon\TComTrQuant.cpp ..\..\source\Lib\TLibCommon\TComWeightPrediction.cpp ..\..\source\Lib\TLibCommon\TComYuv.cpp
         ContextModel.cpp
         ContextModel3DBuffer.cpp
         SEI.cpp
         TComBitStream.cpp
         TComCABACTables.cpp
         TComDataCU.cpp
         TComInterpolationFilter.cpp
         TComLoopFilter.cpp
         TComMotionInfo.cpp
         TComPattern.cpp
         TComPic.cpp
         TComPicSym.cpp
         TComPicYuv.cpp
         TComPicYuvMD5.cpp
         TComPrediction.cpp
         TComRdCost.cpp
         TComRdCostWeightPrediction.cpp
         TComRom.cpp
         TComSampleAdaptiveOffset.cpp
         TComSlice.cpp
         컴파일하고 있습니다...
         TComTrQuant.cpp
         TComWeightPrediction.cpp
         TComYuv.cpp
         D:\visual studio\VC\bin\x86_amd64\CL.exe /c /I"D:\HM\HM-14.0\build\\..\source\Lib\\" /I"D:\HM\HM-14.0\build\\..\compat\msvc" /Zi /nologo /W3 /WX- /O2 /Ob2 /Ot /GL /D WIN32 /D _LIB /D _CRT_SECURE_NO_WARNINGS /D _MBCS /GF /Gm- /EHsc /MT /GS /Gy /fp:precise /Zc:wchar_t /Zc:forScope /Fo"D:\HM\HM-14.0\build\\vc10\x64\Release\TLibCommon\\" /Fd"D:\HM\HM-14.0\build\\vc10\x64\Release\TLibCommon\vc110.pdb" /Gd /TC /errorReport:prompt ..\..\source\Lib\libmd5\libmd5.c
         libmd5.c
       Lib:
         D:\visual studio\VC\bin\x86_amd64\Lib.exe /OUT:"D:\HM\HM-14.0\build\\vc10\x64\Release\TLibCommon\TLibCommon.lib" /NOLOGO /MACHINE:X64 /LTCG "D:\HM\HM-14.0\build\\vc10\x64\Release\TLibCommon\ContextModel.obj"
         "D:\HM\HM-14.0\build\\vc10\x64\Release\TLibCommon\ContextModel3DBuffer.obj"
         "D:\HM\HM-14.0\build\\vc10\x64\Release\TLibCommon\libmd5.obj"
         "D:\HM\HM-14.0\build\\vc10\x64\Release\TLibCommon\SEI.obj"
         "D:\HM\HM-14.0\build\\vc10\x64\Release\TLibCommon\TComBitStream.obj"
         "D:\HM\HM-14.0\build\\vc10\x64\Release\TLibCommon\TComCABACTables.obj"
         "D:\HM\HM-14.0\build\\vc10\x64\Release\TLibCommon\TComDataCU.obj"
         "D:\HM\HM-14.0\build\\vc10\x64\Release\TLibCommon\TComInterpolationFilter.obj"
         "D:\HM\HM-14.0\build\\vc10\x64\Release\TLibCommon\TComLoopFilter.obj"
         "D:\HM\HM-14.0\build\\vc10\x64\Release\TLibCommon\TComMotionInfo.obj"
         "D:\HM\HM-14.0\build\\vc10\x64\Release\TLibCommon\TComPattern.obj"
         "D:\HM\HM-14.0\build\\vc10\x64\Release\TLibCommon\TComPic.obj"
         "D:\HM\HM-14.0\build\\vc10\x64\Release\TLibCommon\TComPicSym.obj"
         "D:\HM\HM-14.0\build\\vc10\x64\Release\TLibCommon\TComPicYuv.obj"
         "D:\HM\HM-14.0\build\\vc10\x64\Release\TLibCommon\TComPicYuvMD5.obj"
         "D:\HM\HM-14.0\build\\vc10\x64\Release\TLibCommon\TComPrediction.obj"
         "D:\HM\HM-14.0\build\\vc10\x64\Release\TLibCommon\TComRdCost.obj"
         "D:\HM\HM-14.0\build\\vc10\x64\Release\TLibCommon\TComRdCostWeightPrediction.obj"
         "D:\HM\HM-14.0\build\\vc10\x64\Release\TLibCommon\TComRom.obj"
         "D:\HM\HM-14.0\build\\vc10\x64\Release\TLibCommon\TComSampleAdaptiveOffset.obj"
         "D:\HM\HM-14.0\build\\vc10\x64\Release\TLibCommon\TComSlice.obj"
         "D:\HM\HM-14.0\build\\vc10\x64\Release\TLibCommon\TComTrQuant.obj"
         "D:\HM\HM-14.0\build\\vc10\x64\Release\TLibCommon\TComWeightPrediction.obj"
         "D:\HM\HM-14.0\build\\vc10\x64\Release\TLibCommon\TComYuv.obj"
         TLibCommon_vc10.vcxproj -> D:\HM\HM-14.0\build\\vc10\x64\Release\TLibCommon\TLibCommon.lib
     1>"D:\HM\HM-14.0\build\vc10\TLibCommon_vc10.vcxproj" 프로젝트를 빌드했습니다(Rebuild 대상).

빌드했습니다.

경과 시간: 00:00:06.77
