D:\HM\HM-14.0\BUILD\VC10\X64\RELEASE\TLIBCOMMON\LIBMD5.OBJ
D:\HM\HM-14.0\BUILD\VC10\X64\RELEASE\TLIBCOMMON\VC110.PDB
D:\HM\HM-14.0\BUILD\VC10\X64\RELEASE\TLIBCOMMON\TCOMSLICE.OBJ
D:\HM\HM-14.0\BUILD\VC10\X64\RELEASE\TLIBCOMMON\TCOMSAMPLEADAPTIVEOFFSET.OBJ
D:\HM\HM-14.0\BUILD\VC10\X64\RELEASE\TLIBCOMMON\TCOMROM.OBJ
D:\HM\HM-14.0\BUILD\VC10\X64\RELEASE\TLIBCOMMON\TCOMRDCOSTWEIGHTPREDICTION.OBJ
D:\HM\HM-14.0\BUILD\VC10\X64\RELEASE\TLIBCOMMON\TCOMRDCOST.OBJ
D:\HM\HM-14.0\BUILD\VC10\X64\RELEASE\TLIBCOMMON\TCOMPREDICTION.OBJ
D:\HM\HM-14.0\BUILD\VC10\X64\RELEASE\TLIBCOMMON\TCOMPICYUVMD5.OBJ
D:\HM\HM-14.0\BUILD\VC10\X64\RELEASE\TLIBCOMMON\TCOMPICYUV.OBJ
D:\HM\HM-14.0\BUILD\VC10\X64\RELEASE\TLIBCOMMON\TCOMPICSYM.OBJ
D:\HM\HM-14.0\BUILD\VC10\X64\RELEASE\TLIBCOMMON\TCOMPIC.OBJ
D:\HM\HM-14.0\BUILD\VC10\X64\RELEASE\TLIBCOMMON\TCOMPATTERN.OBJ
D:\HM\HM-14.0\BUILD\VC10\X64\RELEASE\TLIBCOMMON\TCOMMOTIONINFO.OBJ
D:\HM\HM-14.0\BUILD\VC10\X64\RELEASE\TLIBCOMMON\TCOMLOOPFILTER.OBJ
D:\HM\HM-14.0\BUILD\VC10\X64\RELEASE\TLIBCOMMON\TCOMINTERPOLATIONFILTER.OBJ
D:\HM\HM-14.0\BUILD\VC10\X64\RELEASE\TLIBCOMMON\TCOMDATACU.OBJ
D:\HM\HM-14.0\BUILD\VC10\X64\RELEASE\TLIBCOMMON\TCOMCABACTABLES.OBJ
D:\HM\HM-14.0\BUILD\VC10\X64\RELEASE\TLIBCOMMON\TCOMBITSTREAM.OBJ
D:\HM\HM-14.0\BUILD\VC10\X64\RELEASE\TLIBCOMMON\SEI.OBJ
D:\HM\HM-14.0\BUILD\VC10\X64\RELEASE\TLIBCOMMON\CONTEXTMODEL3DBUFFER.OBJ
D:\HM\HM-14.0\BUILD\VC10\X64\RELEASE\TLIBCOMMON\CONTEXTMODEL.OBJ
D:\HM\HM-14.0\BUILD\VC10\X64\RELEASE\TLIBCOMMON\TCOMYUV.OBJ
D:\HM\HM-14.0\BUILD\VC10\X64\RELEASE\TLIBCOMMON\TCOMWEIGHTPREDICTION.OBJ
D:\HM\HM-14.0\BUILD\VC10\X64\RELEASE\TLIBCOMMON\TCOMTRQUANT.OBJ
D:\HM\HM-14.0\BUILD\VC10\X64\RELEASE\TLIBCOMMON\TLIBCOMMON.LIB
D:\HM\HM-14.0\build\vc10\x64\Release\TLibCommon\ContextModel.obj
D:\HM\HM-14.0\build\vc10\x64\Release\TLibCommon\ContextModel3DBuffer.obj
D:\HM\HM-14.0\build\vc10\x64\Release\TLibCommon\libmd5.obj
D:\HM\HM-14.0\build\vc10\x64\Release\TLibCommon\SEI.obj
D:\HM\HM-14.0\build\vc10\x64\Release\TLibCommon\TComBitStream.obj
D:\HM\HM-14.0\build\vc10\x64\Release\TLibCommon\TComCABACTables.obj
D:\HM\HM-14.0\build\vc10\x64\Release\TLibCommon\TComDataCU.obj
D:\HM\HM-14.0\build\vc10\x64\Release\TLibCommon\TComInterpolationFilter.obj
D:\HM\HM-14.0\build\vc10\x64\Release\TLibCommon\TComLoopFilter.obj
D:\HM\HM-14.0\build\vc10\x64\Release\TLibCommon\TComMotionInfo.obj
D:\HM\HM-14.0\build\vc10\x64\Release\TLibCommon\TComPattern.obj
D:\HM\HM-14.0\build\vc10\x64\Release\TLibCommon\TComPic.obj
D:\HM\HM-14.0\build\vc10\x64\Release\TLibCommon\TComPicSym.obj
D:\HM\HM-14.0\build\vc10\x64\Release\TLibCommon\TComPicYuv.obj
D:\HM\HM-14.0\build\vc10\x64\Release\TLibCommon\TComPicYuvMD5.obj
D:\HM\HM-14.0\build\vc10\x64\Release\TLibCommon\TComPrediction.obj
D:\HM\HM-14.0\build\vc10\x64\Release\TLibCommon\TComRdCost.obj
D:\HM\HM-14.0\build\vc10\x64\Release\TLibCommon\TComRdCostWeightPrediction.obj
D:\HM\HM-14.0\build\vc10\x64\Release\TLibCommon\TComRom.obj
D:\HM\HM-14.0\build\vc10\x64\Release\TLibCommon\TComSampleAdaptiveOffset.obj
D:\HM\HM-14.0\build\vc10\x64\Release\TLibCommon\TComSlice.obj
D:\HM\HM-14.0\build\vc10\x64\Release\TLibCommon\TComTrQuant.obj
D:\HM\HM-14.0\build\vc10\x64\Release\TLibCommon\TComWeightPrediction.obj
D:\HM\HM-14.0\build\vc10\x64\Release\TLibCommon\TComYuv.obj
D:\HM\HM-14.0\build\vc10\x64\Release\TLibCommon\cl.command.1.tlog
D:\HM\HM-14.0\build\vc10\x64\Release\TLibCommon\CL.read.1.tlog
D:\HM\HM-14.0\build\vc10\x64\Release\TLibCommon\CL.write.1.tlog
D:\HM\HM-14.0\build\vc10\x64\Release\TLibCommon\Lib-link.read.1.tlog
D:\HM\HM-14.0\build\vc10\x64\Release\TLibCommon\Lib-link.write.1.tlog
D:\HM\HM-14.0\build\vc10\x64\Release\TLibCommon\lib.command.1.tlog
D:\HM\HM-14.0\build\vc10\x64\Release\TLibCommon\vc110.pdb
D:\HM\HM-14.0\build\\vc10\x64\Release\TLibCommon\TLibCommon.lib
