D:\HM\HM-14.0\BUILD\VC10\X64\RELEASE\TAPPDECODER\DECMAIN.OBJ
D:\HM\HM-14.0\BUILD\VC10\X64\RELEASE\TAPPDECODER\TAPPDECTOP.OBJ
D:\HM\HM-14.0\BUILD\VC10\X64\RELEASE\TAPPDECODER\TAPPDECCFG.OBJ
D:\HM\HM-14.0\BUILD\VC10\X64\RELEASE\TAPPDECODER\VC110.PDB
D:\HM\HM-14.0\BIN\VC10\X64\RELEASE\TAPPDECODER.EXE
D:\HM\HM-14.0\BIN\VC10\X64\RELEASE\TAPPDECODER.PDB
D:\HM\HM-14.0\build\vc10\x64\Release\TAppDecoder\decmain.obj
D:\HM\HM-14.0\build\vc10\x64\Release\TAppDecoder\TAppDecCfg.obj
D:\HM\HM-14.0\build\vc10\x64\Release\TAppDecoder\TAppDecTop.obj
D:\HM\HM-14.0\build\vc10\x64\Release\TAppDecoder\cl.command.1.tlog
D:\HM\HM-14.0\build\vc10\x64\Release\TAppDecoder\CL.read.1.tlog
D:\HM\HM-14.0\build\vc10\x64\Release\TAppDecoder\CL.write.1.tlog
D:\HM\HM-14.0\build\vc10\x64\Release\TAppDecoder\link-cvtres.read.1.tlog
D:\HM\HM-14.0\build\vc10\x64\Release\TAppDecoder\link-cvtres.write.1.tlog
D:\HM\HM-14.0\build\vc10\x64\Release\TAppDecoder\link-rc.read.1.tlog
D:\HM\HM-14.0\build\vc10\x64\Release\TAppDecoder\link-rc.write.1.tlog
D:\HM\HM-14.0\build\vc10\x64\Release\TAppDecoder\link.command.1.tlog
D:\HM\HM-14.0\build\vc10\x64\Release\TAppDecoder\link.read.1.tlog
D:\HM\HM-14.0\build\vc10\x64\Release\TAppDecoder\link.write.1.tlog
D:\HM\HM-14.0\build\vc10\x64\Release\TAppDecoder\vc110.pdb
D:\HM\HM-14.0\build\\..\bin\vc10\x64\Release\TAppDecoder.pdb
D:\HM\HM-14.0\build\\..\bin\vc10\x64\Release\TAppDecoder.exe
