빌드 시작: 2014-07-23 오후 8:39:16
     1>2 노드의 "D:\HM\HM-14.0\build\vc10\TAppDecoder_vc10.vcxproj" 프로젝트(Rebuild 대상)입니다.
     1>ClCompile:
         D:\visual studio\VC\bin\x86_amd64\CL.exe /c /I"D:\HM\HM-14.0\build\\..\source\Lib\\" /I"D:\HM\HM-14.0\build\\..\compat\msvc" /Zi /nologo /W3 /WX- /O2 /Ob2 /Ot /GL /D WIN32 /D _CONSOLE /D _CRT_SECURE_NO_WARNINGS /D _MBCS /GF /Gm- /EHsc /MT /GS /Gy /fp:precise /Zc:wchar_t /Zc:forScope /Fo"D:\HM\HM-14.0\build\\vc10\x64\Release\TAppDecoder\\" /Fd"D:\HM\HM-14.0\build\\vc10\x64\Release\TAppDecoder\vc110.pdb" /Gd /TP /errorReport:prompt ..\..\source\App\TAppDecoder\decmain.cpp ..\..\source\App\TAppDecoder\TAppDecCfg.cpp ..\..\source\App\TAppDecoder\TAppDecTop.cpp
         decmain.cpp
         TAppDecCfg.cpp
         TAppDecTop.cpp
       Link:
         D:\visual studio\VC\bin\x86_amd64\link.exe /ERRORREPORT:PROMPT /OUT:"D:\HM\HM-14.0\build\\..\bin\vc10\x64\Release\TAppDecoder.exe" /INCREMENTAL:NO /NOLOGO kernel32.lib user32.lib gdi32.lib winspool.lib comdlg32.lib advapi32.lib shell32.lib ole32.lib oleaut32.lib uuid.lib odbc32.lib odbccp32.lib /MANIFEST /MANIFESTUAC:"level='asInvoker' uiAccess='false'" /manifest:embed /DEBUG /PDB:"D:\HM\HM-14.0\build\\..\bin\vc10\x64\Release\TAppDecoder.pdb" /SUBSYSTEM:CONSOLE /LTCG /TLBID:1 /DYNAMICBASE /NXCOMPAT /IMPLIB:"D:\HM\HM-14.0\build\\..\bin\vc10\x64\Release\TAppDecoder.lib" /MACHINE:X64 "D:\HM\HM-14.0\build\\vc10\x64\Release\TAppDecoder\decmain.obj"
         "D:\HM\HM-14.0\build\\vc10\x64\Release\TAppDecoder\TAppDecCfg.obj"
         "D:\HM\HM-14.0\build\\vc10\x64\Release\TAppDecoder\TAppDecTop.obj"
         "D:\HM\HM-14.0\build\vc10\x64\Release\TAppCommon\TAppCommon.lib"
         "D:\HM\HM-14.0\build\vc10\x64\Release\TLibCommon\TLibCommon.lib"
         "D:\HM\HM-14.0\build\vc10\x64\Release\TLibDecoder\TLibDecoder.lib"
         "D:\HM\HM-14.0\build\vc10\x64\Release\TLibVideoIo\TLibVideoIO.lib"
         코드를 생성하고 있습니다.
         코드를 생성했습니다.
         TAppDecoder_vc10.vcxproj -> D:\HM\HM-14.0\build\\..\bin\vc10\x64\Release\TAppDecoder.exe
     1>"D:\HM\HM-14.0\build\vc10\TAppDecoder_vc10.vcxproj" 프로젝트를 빌드했습니다(Rebuild 대상).

빌드했습니다.

경과 시간: 00:00:04.44
