D:\HM\HM-14.0\BUILD\VC10\X64\DEBUG\TLIBDECODER\ANNEXBREAD.OBJ
D:\HM\HM-14.0\BUILD\VC10\X64\DEBUG\TLIBDECODER\NALREAD.OBJ
D:\HM\HM-14.0\BUILD\VC10\X64\DEBUG\TLIBDECODER\SEIREAD.OBJ
D:\HM\HM-14.0\BUILD\VC10\X64\DEBUG\TLIBDECODER\SYNTAXELEMENTPARSER.OBJ
D:\HM\HM-14.0\BUILD\VC10\X64\DEBUG\TLIBDECODER\TDECBINCODERCABAC.OBJ
D:\HM\HM-14.0\BUILD\VC10\X64\DEBUG\TLIBDECODER\TDECCAVLC.OBJ
D:\HM\HM-14.0\BUILD\VC10\X64\DEBUG\TLIBDECODER\TDECCU.OBJ
D:\HM\HM-14.0\BUILD\VC10\X64\DEBUG\TLIBDECODER\TDECENTROPY.OBJ
D:\HM\HM-14.0\BUILD\VC10\X64\DEBUG\TLIBDECODER\TDECGOP.OBJ
D:\HM\HM-14.0\BUILD\VC10\X64\DEBUG\TLIBDECODER\TDECSBAC.OBJ
D:\HM\HM-14.0\BUILD\VC10\X64\DEBUG\TLIBDECODER\TDECSLICE.OBJ
D:\HM\HM-14.0\BUILD\VC10\X64\DEBUG\TLIBDECODER\TDECTOP.OBJ
D:\HM\HM-14.0\BUILD\VC10\X64\DEBUG\TLIBDECODER\VC110.PDB
D:\HM\HM-14.0\BUILD\VC10\X64\DEBUG\TLIBDECODER\TLIBDECODER.LIB
D:\HM\HM-14.0\build\vc10\x64\Debug\TLibDecoder\AnnexBread.obj
D:\HM\HM-14.0\build\vc10\x64\Debug\TLibDecoder\NALread.obj
D:\HM\HM-14.0\build\vc10\x64\Debug\TLibDecoder\SEIread.obj
D:\HM\HM-14.0\build\vc10\x64\Debug\TLibDecoder\SyntaxElementParser.obj
D:\HM\HM-14.0\build\vc10\x64\Debug\TLibDecoder\TDecBinCoderCABAC.obj
D:\HM\HM-14.0\build\vc10\x64\Debug\TLibDecoder\TDecCAVLC.obj
D:\HM\HM-14.0\build\vc10\x64\Debug\TLibDecoder\TDecCu.obj
D:\HM\HM-14.0\build\vc10\x64\Debug\TLibDecoder\TDecEntropy.obj
D:\HM\HM-14.0\build\vc10\x64\Debug\TLibDecoder\TDecGop.obj
D:\HM\HM-14.0\build\vc10\x64\Debug\TLibDecoder\TDecSbac.obj
D:\HM\HM-14.0\build\vc10\x64\Debug\TLibDecoder\TDecSlice.obj
D:\HM\HM-14.0\build\vc10\x64\Debug\TLibDecoder\TDecTop.obj
D:\HM\HM-14.0\build\vc10\x64\Debug\TLibDecoder\cl.command.1.tlog
D:\HM\HM-14.0\build\vc10\x64\Debug\TLibDecoder\CL.read.1.tlog
D:\HM\HM-14.0\build\vc10\x64\Debug\TLibDecoder\CL.write.1.tlog
D:\HM\HM-14.0\build\vc10\x64\Debug\TLibDecoder\Lib-link.read.1.tlog
D:\HM\HM-14.0\build\vc10\x64\Debug\TLibDecoder\Lib-link.write.1.tlog
D:\HM\HM-14.0\build\vc10\x64\Debug\TLibDecoder\lib.command.1.tlog
D:\HM\HM-14.0\build\vc10\x64\Debug\TLibDecoder\vc110.idb
D:\HM\HM-14.0\build\vc10\x64\Debug\TLibDecoder\vc110.pdb
D:\HM\HM-14.0\build\\vc10\x64\Debug\TLibDecoder\TLibDecoder.lib
