D:\HM\HM-14.0\BUILD\VC10\X64\RELEASE\TLIBENCODER\WEIGHTPREDANALYSIS.OBJ
D:\HM\HM-14.0\BUILD\VC10\X64\RELEASE\TLIBENCODER\TENCTOP.OBJ
D:\HM\HM-14.0\BUILD\VC10\X64\RELEASE\TLIBENCODER\TENCSLICE.OBJ
D:\HM\HM-14.0\BUILD\VC10\X64\RELEASE\TLIBENCODER\TENCSEARCH.OBJ
D:\HM\HM-14.0\BUILD\VC10\X64\RELEASE\TLIBENCODER\TENCSBAC.OBJ
D:\HM\HM-14.0\BUILD\VC10\X64\RELEASE\TLIBENCODER\TENCSAMPLEADAPTIVEOFFSET.OBJ
D:\HM\HM-14.0\BUILD\VC10\X64\RELEASE\TLIBENCODER\TENCRATECTRL.OBJ
D:\HM\HM-14.0\BUILD\VC10\X64\RELEASE\TLIBENCODER\TENCPREANALYZER.OBJ
D:\HM\HM-14.0\BUILD\VC10\X64\RELEASE\TLIBENCODER\TENCPIC.OBJ
D:\HM\HM-14.0\BUILD\VC10\X64\RELEASE\TLIBENCODER\TENCGOP.OBJ
D:\HM\HM-14.0\BUILD\VC10\X64\RELEASE\TLIBENCODER\TENCENTROPY.OBJ
D:\HM\HM-14.0\BUILD\VC10\X64\RELEASE\TLIBENCODER\TENCCU.OBJ
D:\HM\HM-14.0\BUILD\VC10\X64\RELEASE\TLIBENCODER\TENCCAVLC.OBJ
D:\HM\HM-14.0\BUILD\VC10\X64\RELEASE\TLIBENCODER\TENCBINCODERCABACCOUNTER.OBJ
D:\HM\HM-14.0\BUILD\VC10\X64\RELEASE\TLIBENCODER\TENCBINCODERCABAC.OBJ
D:\HM\HM-14.0\BUILD\VC10\X64\RELEASE\TLIBENCODER\TENCANALYZE.OBJ
D:\HM\HM-14.0\BUILD\VC10\X64\RELEASE\TLIBENCODER\SYNTAXELEMENTWRITER.OBJ
D:\HM\HM-14.0\BUILD\VC10\X64\RELEASE\TLIBENCODER\SEIWRITE.OBJ
D:\HM\HM-14.0\BUILD\VC10\X64\RELEASE\TLIBENCODER\NALWRITE.OBJ
D:\HM\HM-14.0\BUILD\VC10\X64\RELEASE\TLIBENCODER\VC110.PDB
D:\HM\HM-14.0\BUILD\VC10\X64\RELEASE\TLIBENCODER\TLIBENCODER.LIB
D:\HM\HM-14.0\build\vc10\x64\Release\TLibEncoder\NALwrite.obj
D:\HM\HM-14.0\build\vc10\x64\Release\TLibEncoder\SEIwrite.obj
D:\HM\HM-14.0\build\vc10\x64\Release\TLibEncoder\SyntaxElementWriter.obj
D:\HM\HM-14.0\build\vc10\x64\Release\TLibEncoder\TEncAnalyze.obj
D:\HM\HM-14.0\build\vc10\x64\Release\TLibEncoder\TEncBinCoderCABAC.obj
D:\HM\HM-14.0\build\vc10\x64\Release\TLibEncoder\TEncBinCoderCABACCounter.obj
D:\HM\HM-14.0\build\vc10\x64\Release\TLibEncoder\TEncCavlc.obj
D:\HM\HM-14.0\build\vc10\x64\Release\TLibEncoder\TEncCu.obj
D:\HM\HM-14.0\build\vc10\x64\Release\TLibEncoder\TEncEntropy.obj
D:\HM\HM-14.0\build\vc10\x64\Release\TLibEncoder\TEncGOP.obj
D:\HM\HM-14.0\build\vc10\x64\Release\TLibEncoder\TEncPic.obj
D:\HM\HM-14.0\build\vc10\x64\Release\TLibEncoder\TEncPreanalyzer.obj
D:\HM\HM-14.0\build\vc10\x64\Release\TLibEncoder\TEncRateCtrl.obj
D:\HM\HM-14.0\build\vc10\x64\Release\TLibEncoder\TEncSampleAdaptiveOffset.obj
D:\HM\HM-14.0\build\vc10\x64\Release\TLibEncoder\TEncSbac.obj
D:\HM\HM-14.0\build\vc10\x64\Release\TLibEncoder\TEncSearch.obj
D:\HM\HM-14.0\build\vc10\x64\Release\TLibEncoder\TEncSlice.obj
D:\HM\HM-14.0\build\vc10\x64\Release\TLibEncoder\TEncTop.obj
D:\HM\HM-14.0\build\vc10\x64\Release\TLibEncoder\WeightPredAnalysis.obj
D:\HM\HM-14.0\build\vc10\x64\Release\TLibEncoder\cl.command.1.tlog
D:\HM\HM-14.0\build\vc10\x64\Release\TLibEncoder\CL.read.1.tlog
D:\HM\HM-14.0\build\vc10\x64\Release\TLibEncoder\CL.write.1.tlog
D:\HM\HM-14.0\build\vc10\x64\Release\TLibEncoder\Lib-link.read.1.tlog
D:\HM\HM-14.0\build\vc10\x64\Release\TLibEncoder\Lib-link.write.1.tlog
D:\HM\HM-14.0\build\vc10\x64\Release\TLibEncoder\lib.command.1.tlog
D:\HM\HM-14.0\build\vc10\x64\Release\TLibEncoder\vc110.pdb
D:\HM\HM-14.0\build\\vc10\x64\Release\TLibEncoder\TLibEncoder.lib
