빌드 시작: 2014-07-23 오후 8:41:36
     1>2 노드의 "D:\HM\HM-14.0\build\vc10\TLibEncoder_vc10.vcxproj" 프로젝트(Build 대상)입니다.
     1>ClCompile:
         D:\visual studio\VC\bin\x86_amd64\CL.exe /c /I"D:\HM\HM-14.0\build\\..\source\Lib\\" /I"D:\HM\HM-14.0\build\\..\compat\msvc" /Zi /nologo /W3 /WX- /O2 /Ob2 /Ot /GL /D WIN32 /D _LIB /D _CRT_SECURE_NO_WARNINGS /D _MBCS /GF /Gm- /EHsc /MT /GS /Gy /fp:precise /Zc:wchar_t /Zc:forScope /Fo"D:\HM\HM-14.0\build\\vc10\x64\Release\TLibEncoder\\" /Fd"D:\HM\HM-14.0\build\\vc10\x64\Release\TLibEncoder\vc110.pdb" /Gd /TP /errorReport:prompt ..\..\source\Lib\TLibEncoder\TEncCu.cpp
         TEncCu.cpp
       Lib:
         D:\visual studio\VC\bin\x86_amd64\Lib.exe /OUT:"D:\HM\HM-14.0\build\\vc10\x64\Release\TLibEncoder\TLibEncoder.lib" /NOLOGO /MACHINE:X64 /LTCG "D:\HM\HM-14.0\build\\vc10\x64\Release\TLibEncoder\NALwrite.obj"
         "D:\HM\HM-14.0\build\\vc10\x64\Release\TLibEncoder\SEIwrite.obj"
         "D:\HM\HM-14.0\build\\vc10\x64\Release\TLibEncoder\SyntaxElementWriter.obj"
         "D:\HM\HM-14.0\build\\vc10\x64\Release\TLibEncoder\TEncAnalyze.obj"
         "D:\HM\HM-14.0\build\\vc10\x64\Release\TLibEncoder\TEncBinCoderCABAC.obj"
         "D:\HM\HM-14.0\build\\vc10\x64\Release\TLibEncoder\TEncBinCoderCABACCounter.obj"
         "D:\HM\HM-14.0\build\\vc10\x64\Release\TLibEncoder\TEncCavlc.obj"
         "D:\HM\HM-14.0\build\\vc10\x64\Release\TLibEncoder\TEncCu.obj"
         "D:\HM\HM-14.0\build\\vc10\x64\Release\TLibEncoder\TEncEntropy.obj"
         "D:\HM\HM-14.0\build\\vc10\x64\Release\TLibEncoder\TEncGOP.obj"
         "D:\HM\HM-14.0\build\\vc10\x64\Release\TLibEncoder\TEncPic.obj"
         "D:\HM\HM-14.0\build\\vc10\x64\Release\TLibEncoder\TEncPreanalyzer.obj"
         "D:\HM\HM-14.0\build\\vc10\x64\Release\TLibEncoder\TEncRateCtrl.obj"
         "D:\HM\HM-14.0\build\\vc10\x64\Release\TLibEncoder\TEncSampleAdaptiveOffset.obj"
         "D:\HM\HM-14.0\build\\vc10\x64\Release\TLibEncoder\TEncSbac.obj"
         "D:\HM\HM-14.0\build\\vc10\x64\Release\TLibEncoder\TEncSearch.obj"
         "D:\HM\HM-14.0\build\\vc10\x64\Release\TLibEncoder\TEncSlice.obj"
         "D:\HM\HM-14.0\build\\vc10\x64\Release\TLibEncoder\TEncTop.obj"
         "D:\HM\HM-14.0\build\\vc10\x64\Release\TLibEncoder\WeightPredAnalysis.obj"
         TLibEncoder_vc10.vcxproj -> D:\HM\HM-14.0\build\\vc10\x64\Release\TLibEncoder\TLibEncoder.lib
     1>"D:\HM\HM-14.0\build\vc10\TLibEncoder_vc10.vcxproj" 프로젝트를 빌드했습니다(Build 대상).

빌드했습니다.

경과 시간: 00:00:01.49
