D:\HM\HM-14.0\BUILD\VC10\X64\DEBUG\TAPPDECODER\DECMAIN.OBJ
D:\HM\HM-14.0\BUILD\VC10\X64\DEBUG\TAPPDECODER\TAPPDECCFG.OBJ
D:\HM\HM-14.0\BUILD\VC10\X64\DEBUG\TAPPDECODER\TAPPDECTOP.OBJ
D:\HM\HM-14.0\BUILD\VC10\X64\DEBUG\TAPPDECODER\VC110.PDB
D:\HM\HM-14.0\BIN\VC10\X64\DEBUG\TAPPDECODER.ILK
D:\HM\HM-14.0\BIN\VC10\X64\DEBUG\TAPPDECODER.EXE
D:\HM\HM-14.0\BIN\VC10\X64\DEBUG\TAPPDECODER.PDB
D:\HM\HM-14.0\build\vc10\x64\Debug\TAppDecoder\decmain.obj
D:\HM\HM-14.0\build\vc10\x64\Debug\TAppDecoder\TAppDecCfg.obj
D:\HM\HM-14.0\build\vc10\x64\Debug\TAppDecoder\TAppDecTop.obj
D:\HM\HM-14.0\build\vc10\x64\Debug\TAppDecoder\cl.command.1.tlog
D:\HM\HM-14.0\build\vc10\x64\Debug\TAppDecoder\CL.read.1.tlog
D:\HM\HM-14.0\build\vc10\x64\Debug\TAppDecoder\CL.write.1.tlog
D:\HM\HM-14.0\build\vc10\x64\Debug\TAppDecoder\link-cvtres.read.1.tlog
D:\HM\HM-14.0\build\vc10\x64\Debug\TAppDecoder\link-cvtres.write.1.tlog
D:\HM\HM-14.0\build\vc10\x64\Debug\TAppDecoder\link-rc.read.1.tlog
D:\HM\HM-14.0\build\vc10\x64\Debug\TAppDecoder\link-rc.write.1.tlog
D:\HM\HM-14.0\build\vc10\x64\Debug\TAppDecoder\link.command.1.tlog
D:\HM\HM-14.0\build\vc10\x64\Debug\TAppDecoder\link.read.1.tlog
D:\HM\HM-14.0\build\vc10\x64\Debug\TAppDecoder\link.write.1.tlog
D:\HM\HM-14.0\build\vc10\x64\Debug\TAppDecoder\vc110.idb
D:\HM\HM-14.0\build\vc10\x64\Debug\TAppDecoder\vc110.pdb
D:\HM\HM-14.0\build\\..\bin\vc10\x64\Debug\TAppDecoder.pdb
D:\HM\HM-14.0\build\\..\bin\vc10\x64\Debug\TAppDecoder.exe
D:\HM\HM-14.0\build\\..\bin\vc10\x64\Debug\TAppDecoder.ilk
