D:\HM\HM-14.0\BUILD\VC10\X64\DEBUG\TAPPENCODER\ENCMAIN.OBJ
D:\HM\HM-14.0\BUILD\VC10\X64\DEBUG\TAPPENCODER\TAPPENCCFG.OBJ
D:\HM\HM-14.0\BUILD\VC10\X64\DEBUG\TAPPENCODER\TAPPENCTOP.OBJ
D:\HM\HM-14.0\BUILD\VC10\X64\DEBUG\TAPPENCODER\VC110.PDB
D:\HM\HM-14.0\BIN\VC10\X64\DEBUG\TAPPENCODER.ILK
D:\HM\HM-14.0\BIN\VC10\X64\DEBUG\TAPPENCODER.EXE
D:\HM\HM-14.0\BIN\VC10\X64\DEBUG\TAPPENCODER.PDB
D:\HM\HM-14.0\build\vc10\x64\Debug\TAppEncoder\encmain.obj
D:\HM\HM-14.0\build\vc10\x64\Debug\TAppEncoder\TAppEncCfg.obj
D:\HM\HM-14.0\build\vc10\x64\Debug\TAppEncoder\TAppEncTop.obj
D:\HM\HM-14.0\build\vc10\x64\Debug\TAppEncoder\cl.command.1.tlog
D:\HM\HM-14.0\build\vc10\x64\Debug\TAppEncoder\CL.read.1.tlog
D:\HM\HM-14.0\build\vc10\x64\Debug\TAppEncoder\CL.write.1.tlog
D:\HM\HM-14.0\build\vc10\x64\Debug\TAppEncoder\link-cvtres.read.1.tlog
D:\HM\HM-14.0\build\vc10\x64\Debug\TAppEncoder\link-cvtres.write.1.tlog
D:\HM\HM-14.0\build\vc10\x64\Debug\TAppEncoder\link-rc.read.1.tlog
D:\HM\HM-14.0\build\vc10\x64\Debug\TAppEncoder\link-rc.write.1.tlog
D:\HM\HM-14.0\build\vc10\x64\Debug\TAppEncoder\link.command.1.tlog
D:\HM\HM-14.0\build\vc10\x64\Debug\TAppEncoder\link.read.1.tlog
D:\HM\HM-14.0\build\vc10\x64\Debug\TAppEncoder\link.write.1.tlog
D:\HM\HM-14.0\build\vc10\x64\Debug\TAppEncoder\vc110.idb
D:\HM\HM-14.0\build\vc10\x64\Debug\TAppEncoder\vc110.pdb
D:\HM\HM-14.0\build\\..\bin\vc10\x64\Debug\TAppEncoder.pdb
D:\HM\HM-14.0\build\\..\bin\vc10\x64\Debug\TAppEncoder.exe
D:\HM\HM-14.0\build\\..\bin\vc10\x64\Debug\TAppEncoder.ilk
