D:\HM\HM-14.0\BUILD\VC10\X64\RELEASE\TAPPENCODER\ENCMAIN.OBJ
D:\HM\HM-14.0\BUILD\VC10\X64\RELEASE\TAPPENCODER\TAPPENCTOP.OBJ
D:\HM\HM-14.0\BUILD\VC10\X64\RELEASE\TAPPENCODER\TAPPENCCFG.OBJ
D:\HM\HM-14.0\BUILD\VC10\X64\RELEASE\TAPPENCODER\VC110.PDB
D:\HM\HM-14.0\BIN\VC10\X64\RELEASE\TAPPENCODER.EXE
D:\HM\HM-14.0\BIN\VC10\X64\RELEASE\TAPPENCODER.PDB
D:\HM\HM-14.0\build\vc10\x64\Release\TAppEncoder\encmain.obj
D:\HM\HM-14.0\build\vc10\x64\Release\TAppEncoder\TAppEncCfg.obj
D:\HM\HM-14.0\build\vc10\x64\Release\TAppEncoder\TAppEncTop.obj
D:\HM\HM-14.0\build\vc10\x64\Release\TAppEncoder\cl.command.1.tlog
D:\HM\HM-14.0\build\vc10\x64\Release\TAppEncoder\CL.read.1.tlog
D:\HM\HM-14.0\build\vc10\x64\Release\TAppEncoder\CL.write.1.tlog
D:\HM\HM-14.0\build\vc10\x64\Release\TAppEncoder\link-cvtres.read.1.tlog
D:\HM\HM-14.0\build\vc10\x64\Release\TAppEncoder\link-cvtres.write.1.tlog
D:\HM\HM-14.0\build\vc10\x64\Release\TAppEncoder\link-rc.read.1.tlog
D:\HM\HM-14.0\build\vc10\x64\Release\TAppEncoder\link-rc.write.1.tlog
D:\HM\HM-14.0\build\vc10\x64\Release\TAppEncoder\link.command.1.tlog
D:\HM\HM-14.0\build\vc10\x64\Release\TAppEncoder\link.read.1.tlog
D:\HM\HM-14.0\build\vc10\x64\Release\TAppEncoder\link.write.1.tlog
D:\HM\HM-14.0\build\vc10\x64\Release\TAppEncoder\vc110.pdb
D:\HM\HM-14.0\build\\..\bin\vc10\x64\Release\TAppEncoder.pdb
D:\HM\HM-14.0\build\\..\bin\vc10\x64\Release\TAppEncoder.exe
