D:\HM\HM-14.0\BUILD\VC10\X64\RELEASE\TLIBDECODER\TDECTOP.OBJ
D:\HM\HM-14.0\BUILD\VC10\X64\RELEASE\TLIBDECODER\TDECSLICE.OBJ
D:\HM\HM-14.0\BUILD\VC10\X64\RELEASE\TLIBDECODER\TDECSBAC.OBJ
D:\HM\HM-14.0\BUILD\VC10\X64\RELEASE\TLIBDECODER\TDECGOP.OBJ
D:\HM\HM-14.0\BUILD\VC10\X64\RELEASE\TLIBDECODER\TDECENTROPY.OBJ
D:\HM\HM-14.0\BUILD\VC10\X64\RELEASE\TLIBDECODER\TDECCU.OBJ
D:\HM\HM-14.0\BUILD\VC10\X64\RELEASE\TLIBDECODER\TDECCAVLC.OBJ
D:\HM\HM-14.0\BUILD\VC10\X64\RELEASE\TLIBDECODER\TDECBINCODERCABAC.OBJ
D:\HM\HM-14.0\BUILD\VC10\X64\RELEASE\TLIBDECODER\SYNTAXELEMENTPARSER.OBJ
D:\HM\HM-14.0\BUILD\VC10\X64\RELEASE\TLIBDECODER\SEIREAD.OBJ
D:\HM\HM-14.0\BUILD\VC10\X64\RELEASE\TLIBDECODER\NALREAD.OBJ
D:\HM\HM-14.0\BUILD\VC10\X64\RELEASE\TLIBDECODER\ANNEXBREAD.OBJ
D:\HM\HM-14.0\BUILD\VC10\X64\RELEASE\TLIBDECODER\VC110.PDB
D:\HM\HM-14.0\BUILD\VC10\X64\RELEASE\TLIBDECODER\TLIBDECODER.LIB
D:\HM\HM-14.0\build\vc10\x64\Release\TLibDecoder\AnnexBread.obj
D:\HM\HM-14.0\build\vc10\x64\Release\TLibDecoder\NALread.obj
D:\HM\HM-14.0\build\vc10\x64\Release\TLibDecoder\SEIread.obj
D:\HM\HM-14.0\build\vc10\x64\Release\TLibDecoder\SyntaxElementParser.obj
D:\HM\HM-14.0\build\vc10\x64\Release\TLibDecoder\TDecBinCoderCABAC.obj
D:\HM\HM-14.0\build\vc10\x64\Release\TLibDecoder\TDecCAVLC.obj
D:\HM\HM-14.0\build\vc10\x64\Release\TLibDecoder\TDecCu.obj
D:\HM\HM-14.0\build\vc10\x64\Release\TLibDecoder\TDecEntropy.obj
D:\HM\HM-14.0\build\vc10\x64\Release\TLibDecoder\TDecGop.obj
D:\HM\HM-14.0\build\vc10\x64\Release\TLibDecoder\TDecSbac.obj
D:\HM\HM-14.0\build\vc10\x64\Release\TLibDecoder\TDecSlice.obj
D:\HM\HM-14.0\build\vc10\x64\Release\TLibDecoder\TDecTop.obj
D:\HM\HM-14.0\build\vc10\x64\Release\TLibDecoder\cl.command.1.tlog
D:\HM\HM-14.0\build\vc10\x64\Release\TLibDecoder\CL.read.1.tlog
D:\HM\HM-14.0\build\vc10\x64\Release\TLibDecoder\CL.write.1.tlog
D:\HM\HM-14.0\build\vc10\x64\Release\TLibDecoder\Lib-link.read.1.tlog
D:\HM\HM-14.0\build\vc10\x64\Release\TLibDecoder\Lib-link.write.1.tlog
D:\HM\HM-14.0\build\vc10\x64\Release\TLibDecoder\lib.command.1.tlog
D:\HM\HM-14.0\build\vc10\x64\Release\TLibDecoder\vc110.pdb
D:\HM\HM-14.0\build\\vc10\x64\Release\TLibDecoder\TLibDecoder.lib
