빌드 시작: 2014-07-23 오후 8:39:09
     1>5 노드의 "D:\HM\HM-14.0\build\vc10\TLibDecoder_vc10.vcxproj" 프로젝트(Rebuild 대상)입니다.
     1>ClCompile:
         D:\visual studio\VC\bin\x86_amd64\CL.exe /c /I"D:\HM\HM-14.0\build\\..\source\Lib\\" /I"D:\HM\HM-14.0\build\\..\compat\msvc" /Zi /nologo /W3 /WX- /O2 /Ob2 /Ot /GL /D WIN32 /D _LIB /D _CRT_SECURE_NO_WARNINGS /D _MBCS /GF /Gm- /EHsc /MT /GS /Gy /fp:precise /Zc:wchar_t /Zc:forScope /Fo"D:\HM\HM-14.0\build\\vc10\x64\Release\TLibDecoder\\" /Fd"D:\HM\HM-14.0\build\\vc10\x64\Release\TLibDecoder\vc110.pdb" /Gd /TP /errorReport:prompt ..\..\source\Lib\TLibDecoder\AnnexBread.cpp ..\..\source\Lib\TLibDecoder\NALread.cpp ..\..\source\Lib\TLibDecoder\SEIread.cpp ..\..\source\Lib\TLibDecoder\SyntaxElementParser.cpp ..\..\source\Lib\TLibDecoder\TDecBinCoderCABAC.cpp ..\..\source\Lib\TLibDecoder\TDecCAVLC.cpp ..\..\source\Lib\TLibDecoder\TDecCu.cpp ..\..\source\Lib\TLibDecoder\TDecEntropy.cpp ..\..\source\Lib\TLibDecoder\TDecGop.cpp ..\..\source\Lib\TLibDecoder\TDecSbac.cpp ..\..\source\Lib\TLibDecoder\TDecSlice.cpp ..\..\source\Lib\TLibDecoder\TDecTop.cpp
         AnnexBread.cpp
         NALread.cpp
         SEIread.cpp
         SyntaxElementParser.cpp
         TDecBinCoderCABAC.cpp
         TDecCAVLC.cpp
         TDecCu.cpp
         TDecEntropy.cpp
         TDecGop.cpp
         TDecSbac.cpp
         TDecSlice.cpp
         TDecTop.cpp
       Lib:
         D:\visual studio\VC\bin\x86_amd64\Lib.exe /OUT:"D:\HM\HM-14.0\build\\vc10\x64\Release\TLibDecoder\TLibDecoder.lib" /NOLOGO /MACHINE:X64 /LTCG "D:\HM\HM-14.0\build\\vc10\x64\Release\TLibDecoder\AnnexBread.obj"
         "D:\HM\HM-14.0\build\\vc10\x64\Release\TLibDecoder\NALread.obj"
         "D:\HM\HM-14.0\build\\vc10\x64\Release\TLibDecoder\SEIread.obj"
         "D:\HM\HM-14.0\build\\vc10\x64\Release\TLibDecoder\SyntaxElementParser.obj"
         "D:\HM\HM-14.0\build\\vc10\x64\Release\TLibDecoder\TDecBinCoderCABAC.obj"
         "D:\HM\HM-14.0\build\\vc10\x64\Release\TLibDecoder\TDecCAVLC.obj"
         "D:\HM\HM-14.0\build\\vc10\x64\Release\TLibDecoder\TDecCu.obj"
         "D:\HM\HM-14.0\build\\vc10\x64\Release\TLibDecoder\TDecEntropy.obj"
         "D:\HM\HM-14.0\build\\vc10\x64\Release\TLibDecoder\TDecGop.obj"
         "D:\HM\HM-14.0\build\\vc10\x64\Release\TLibDecoder\TDecSbac.obj"
         "D:\HM\HM-14.0\build\\vc10\x64\Release\TLibDecoder\TDecSlice.obj"
         "D:\HM\HM-14.0\build\\vc10\x64\Release\TLibDecoder\TDecTop.obj"
         TLibDecoder_vc10.vcxproj -> D:\HM\HM-14.0\build\\vc10\x64\Release\TLibDecoder\TLibDecoder.lib
     1>"D:\HM\HM-14.0\build\vc10\TLibDecoder_vc10.vcxproj" 프로젝트를 빌드했습니다(Rebuild 대상).

빌드했습니다.

경과 시간: 00:00:04.44
