빌드 시작: 2014-07-07 오후 3:10:19
     1>2 노드의 "D:\tags_HM-14.0-4022\tags\HM-14.0\build\vc10\TAppEncoder_vc10.vcxproj" 프로젝트(Build 대상)입니다.
     1>ClCompile:
         D:\visual studio\VC\bin\CL.exe /c /I"D:\tags_HM-14.0-4022\tags\HM-14.0\build\\..\source\Lib\\" /I"D:\tags_HM-14.0-4022\tags\HM-14.0\build\\..\compat\msvc" /ZI /nologo /W3 /WX- /Od /Oy- /D WIN32 /D _DEBUG /D _CONSOLE /D _CRT_SECURE_NO_WARNINGS /D _MBCS /Gm /EHsc /RTC1 /MTd /GS /fp:precise /Zc:wchar_t /Zc:forScope /Fo"D:\tags_HM-14.0-4022\tags\HM-14.0\build\\vc10\Win32\Debug\TAppEncoder\\" /Fd"D:\tags_HM-14.0-4022\tags\HM-14.0\build\\vc10\Win32\Debug\TAppEncoder\vc110.pdb" /Gd /TP /analyze- /errorReport:prompt ..\..\source\App\TAppEncoder\encmain.cpp ..\..\source\App\TAppEncoder\TAppEncCfg.cpp ..\..\source\App\TAppEncoder\TAppEncTop.cpp
         TAppEncTop.cpp
         TAppEncCfg.cpp
         encmain.cpp
         코드를 생성하고 있습니다...
       Link:
         D:\visual studio\VC\bin\link.exe /ERRORREPORT:PROMPT /OUT:"D:\tags_HM-14.0-4022\tags\HM-14.0\build\\..\bin\vc10\Win32\Debug\TAppEncoder.exe" /INCREMENTAL /NOLOGO kernel32.lib user32.lib gdi32.lib winspool.lib comdlg32.lib advapi32.lib shell32.lib ole32.lib oleaut32.lib uuid.lib odbc32.lib odbccp32.lib /MANIFEST /MANIFESTUAC:"level='asInvoker' uiAccess='false'" /manifest:embed /DEBUG /PDB:"D:\tags_HM-14.0-4022\tags\HM-14.0\build\\..\bin\vc10\Win32\Debug\TAppEncoder.pdb" /SUBSYSTEM:CONSOLE /TLBID:1 /DYNAMICBASE /NXCOMPAT /IMPLIB:"D:\tags_HM-14.0-4022\tags\HM-14.0\build\\..\bin\vc10\Win32\Debug\TAppEncoder.lib" /MACHINE:X86 /SAFESEH "D:\tags_HM-14.0-4022\tags\HM-14.0\build\\vc10\Win32\Debug\TAppEncoder\encmain.obj"
         "D:\tags_HM-14.0-4022\tags\HM-14.0\build\\vc10\Win32\Debug\TAppEncoder\TAppEncCfg.obj"
         "D:\tags_HM-14.0-4022\tags\HM-14.0\build\\vc10\Win32\Debug\TAppEncoder\TAppEncTop.obj"
         "D:\tags_HM-14.0-4022\tags\HM-14.0\build\vc10\Win32\Debug\TAppCommon\TAppCommon.lib"
         "D:\tags_HM-14.0-4022\tags\HM-14.0\build\vc10\Win32\Debug\TLibCommon\TLibCommon.lib"
         "D:\tags_HM-14.0-4022\tags\HM-14.0\build\vc10\Win32\Debug\TLibEncoder\TLibEncoder.lib"
         "D:\tags_HM-14.0-4022\tags\HM-14.0\build\vc10\Win32\Debug\TLibVideoIo\TLibVideoIO.lib"
     1>encmain.obj : warning LNK4075: '/EDITANDCONTINUE'이(가) '/SAFESEH' 사양으로 인해 무시됩니다.
         TAppEncoder_vc10.vcxproj -> D:\tags_HM-14.0-4022\tags\HM-14.0\build\\..\bin\vc10\Win32\Debug\TAppEncoder.exe
     1>"D:\tags_HM-14.0-4022\tags\HM-14.0\build\vc10\TAppEncoder_vc10.vcxproj" 프로젝트를 빌드했습니다(Build 대상).

빌드했습니다.

경과 시간: 00:00:03.76
