D:\HM\HM-14.0\BUILD\VC10\X64\DEBUG\TLIBCOMMON\TCOMBITSTREAM.OBJ
D:\HM\HM-14.0\BUILD\VC10\X64\DEBUG\TLIBCOMMON\TCOMCABACTABLES.OBJ
D:\HM\HM-14.0\BUILD\VC10\X64\DEBUG\TLIBCOMMON\TCOMDATACU.OBJ
D:\HM\HM-14.0\BUILD\VC10\X64\DEBUG\TLIBCOMMON\TCOMINTERPOLATIONFILTER.OBJ
D:\HM\HM-14.0\BUILD\VC10\X64\DEBUG\TLIBCOMMON\TCOMLOOPFILTER.OBJ
D:\HM\HM-14.0\BUILD\VC10\X64\DEBUG\TLIBCOMMON\TCOMMOTIONINFO.OBJ
D:\HM\HM-14.0\BUILD\VC10\X64\DEBUG\TLIBCOMMON\TCOMPATTERN.OBJ
D:\HM\HM-14.0\BUILD\VC10\X64\DEBUG\TLIBCOMMON\TCOMPIC.OBJ
D:\HM\HM-14.0\BUILD\VC10\X64\DEBUG\TLIBCOMMON\TCOMPICSYM.OBJ
D:\HM\HM-14.0\BUILD\VC10\X64\DEBUG\TLIBCOMMON\TCOMPICYUV.OBJ
D:\HM\HM-14.0\BUILD\VC10\X64\DEBUG\TLIBCOMMON\TCOMPICYUVMD5.OBJ
D:\HM\HM-14.0\BUILD\VC10\X64\DEBUG\TLIBCOMMON\TCOMPREDICTION.OBJ
D:\HM\HM-14.0\BUILD\VC10\X64\DEBUG\TLIBCOMMON\TCOMRDCOST.OBJ
D:\HM\HM-14.0\BUILD\VC10\X64\DEBUG\TLIBCOMMON\TCOMRDCOSTWEIGHTPREDICTION.OBJ
D:\HM\HM-14.0\BUILD\VC10\X64\DEBUG\TLIBCOMMON\TCOMROM.OBJ
D:\HM\HM-14.0\BUILD\VC10\X64\DEBUG\TLIBCOMMON\TCOMSAMPLEADAPTIVEOFFSET.OBJ
D:\HM\HM-14.0\BUILD\VC10\X64\DEBUG\TLIBCOMMON\TCOMSLICE.OBJ
D:\HM\HM-14.0\BUILD\VC10\X64\DEBUG\TLIBCOMMON\TCOMTRQUANT.OBJ
D:\HM\HM-14.0\BUILD\VC10\X64\DEBUG\TLIBCOMMON\TCOMWEIGHTPREDICTION.OBJ
D:\HM\HM-14.0\BUILD\VC10\X64\DEBUG\TLIBCOMMON\TCOMYUV.OBJ
D:\HM\HM-14.0\BUILD\VC10\X64\DEBUG\TLIBCOMMON\CONTEXTMODEL.OBJ
D:\HM\HM-14.0\BUILD\VC10\X64\DEBUG\TLIBCOMMON\CONTEXTMODEL3DBUFFER.OBJ
D:\HM\HM-14.0\BUILD\VC10\X64\DEBUG\TLIBCOMMON\SEI.OBJ
D:\HM\HM-14.0\BUILD\VC10\X64\DEBUG\TLIBCOMMON\VC110.PDB
D:\HM\HM-14.0\BUILD\VC10\X64\DEBUG\TLIBCOMMON\LIBMD5.OBJ
D:\HM\HM-14.0\BUILD\VC10\X64\DEBUG\TLIBCOMMON\TLIBCOMMON.LIB
D:\HM\HM-14.0\build\vc10\x64\Debug\TLibCommon\ContextModel.obj
D:\HM\HM-14.0\build\vc10\x64\Debug\TLibCommon\ContextModel3DBuffer.obj
D:\HM\HM-14.0\build\vc10\x64\Debug\TLibCommon\libmd5.obj
D:\HM\HM-14.0\build\vc10\x64\Debug\TLibCommon\SEI.obj
D:\HM\HM-14.0\build\vc10\x64\Debug\TLibCommon\TComBitStream.obj
D:\HM\HM-14.0\build\vc10\x64\Debug\TLibCommon\TComCABACTables.obj
D:\HM\HM-14.0\build\vc10\x64\Debug\TLibCommon\TComDataCU.obj
D:\HM\HM-14.0\build\vc10\x64\Debug\TLibCommon\TComInterpolationFilter.obj
D:\HM\HM-14.0\build\vc10\x64\Debug\TLibCommon\TComLoopFilter.obj
D:\HM\HM-14.0\build\vc10\x64\Debug\TLibCommon\TComMotionInfo.obj
D:\HM\HM-14.0\build\vc10\x64\Debug\TLibCommon\TComPattern.obj
D:\HM\HM-14.0\build\vc10\x64\Debug\TLibCommon\TComPic.obj
D:\HM\HM-14.0\build\vc10\x64\Debug\TLibCommon\TComPicSym.obj
D:\HM\HM-14.0\build\vc10\x64\Debug\TLibCommon\TComPicYuv.obj
D:\HM\HM-14.0\build\vc10\x64\Debug\TLibCommon\TComPicYuvMD5.obj
D:\HM\HM-14.0\build\vc10\x64\Debug\TLibCommon\TComPrediction.obj
D:\HM\HM-14.0\build\vc10\x64\Debug\TLibCommon\TComRdCost.obj
D:\HM\HM-14.0\build\vc10\x64\Debug\TLibCommon\TComRdCostWeightPrediction.obj
D:\HM\HM-14.0\build\vc10\x64\Debug\TLibCommon\TComRom.obj
D:\HM\HM-14.0\build\vc10\x64\Debug\TLibCommon\TComSampleAdaptiveOffset.obj
D:\HM\HM-14.0\build\vc10\x64\Debug\TLibCommon\TComSlice.obj
D:\HM\HM-14.0\build\vc10\x64\Debug\TLibCommon\TComTrQuant.obj
D:\HM\HM-14.0\build\vc10\x64\Debug\TLibCommon\TComWeightPrediction.obj
D:\HM\HM-14.0\build\vc10\x64\Debug\TLibCommon\TComYuv.obj
D:\HM\HM-14.0\build\vc10\x64\Debug\TLibCommon\cl.command.1.tlog
D:\HM\HM-14.0\build\vc10\x64\Debug\TLibCommon\CL.read.1.tlog
D:\HM\HM-14.0\build\vc10\x64\Debug\TLibCommon\CL.write.1.tlog
D:\HM\HM-14.0\build\vc10\x64\Debug\TLibCommon\Lib-link.read.1.tlog
D:\HM\HM-14.0\build\vc10\x64\Debug\TLibCommon\Lib-link.write.1.tlog
D:\HM\HM-14.0\build\vc10\x64\Debug\TLibCommon\lib.command.1.tlog
D:\HM\HM-14.0\build\vc10\x64\Debug\TLibCommon\vc110.idb
D:\HM\HM-14.0\build\vc10\x64\Debug\TLibCommon\vc110.pdb
D:\HM\HM-14.0\build\\vc10\x64\Debug\TLibCommon\TLibCommon.lib
