D:\HM\HM-14.0\BUILD\VC10\X64\DEBUG\TLIBENCODER\NALWRITE.OBJ
D:\HM\HM-14.0\BUILD\VC10\X64\DEBUG\TLIBENCODER\SEIWRITE.OBJ
D:\HM\HM-14.0\BUILD\VC10\X64\DEBUG\TLIBENCODER\SYNTAXELEMENTWRITER.OBJ
D:\HM\HM-14.0\BUILD\VC10\X64\DEBUG\TLIBENCODER\TENCANALYZE.OBJ
D:\HM\HM-14.0\BUILD\VC10\X64\DEBUG\TLIBENCODER\TENCBINCODERCABAC.OBJ
D:\HM\HM-14.0\BUILD\VC10\X64\DEBUG\TLIBENCODER\TENCBINCODERCABACCOUNTER.OBJ
D:\HM\HM-14.0\BUILD\VC10\X64\DEBUG\TLIBENCODER\TENCCAVLC.OBJ
D:\HM\HM-14.0\BUILD\VC10\X64\DEBUG\TLIBENCODER\TENCCU.OBJ
D:\HM\HM-14.0\BUILD\VC10\X64\DEBUG\TLIBENCODER\TENCENTROPY.OBJ
D:\HM\HM-14.0\BUILD\VC10\X64\DEBUG\TLIBENCODER\TENCGOP.OBJ
D:\HM\HM-14.0\BUILD\VC10\X64\DEBUG\TLIBENCODER\TENCPIC.OBJ
D:\HM\HM-14.0\BUILD\VC10\X64\DEBUG\TLIBENCODER\TENCPREANALYZER.OBJ
D:\HM\HM-14.0\BUILD\VC10\X64\DEBUG\TLIBENCODER\TENCRATECTRL.OBJ
D:\HM\HM-14.0\BUILD\VC10\X64\DEBUG\TLIBENCODER\TENCSAMPLEADAPTIVEOFFSET.OBJ
D:\HM\HM-14.0\BUILD\VC10\X64\DEBUG\TLIBENCODER\TENCSBAC.OBJ
D:\HM\HM-14.0\BUILD\VC10\X64\DEBUG\TLIBENCODER\TENCSEARCH.OBJ
D:\HM\HM-14.0\BUILD\VC10\X64\DEBUG\TLIBENCODER\TENCSLICE.OBJ
D:\HM\HM-14.0\BUILD\VC10\X64\DEBUG\TLIBENCODER\TENCTOP.OBJ
D:\HM\HM-14.0\BUILD\VC10\X64\DEBUG\TLIBENCODER\WEIGHTPREDANALYSIS.OBJ
D:\HM\HM-14.0\BUILD\VC10\X64\DEBUG\TLIBENCODER\VC110.PDB
D:\HM\HM-14.0\BUILD\VC10\X64\DEBUG\TLIBENCODER\TLIBENCODER.LIB
D:\HM\HM-14.0\build\vc10\x64\Debug\TLibEncoder\NALwrite.obj
D:\HM\HM-14.0\build\vc10\x64\Debug\TLibEncoder\SEIwrite.obj
D:\HM\HM-14.0\build\vc10\x64\Debug\TLibEncoder\SyntaxElementWriter.obj
D:\HM\HM-14.0\build\vc10\x64\Debug\TLibEncoder\TEncAnalyze.obj
D:\HM\HM-14.0\build\vc10\x64\Debug\TLibEncoder\TEncBinCoderCABAC.obj
D:\HM\HM-14.0\build\vc10\x64\Debug\TLibEncoder\TEncBinCoderCABACCounter.obj
D:\HM\HM-14.0\build\vc10\x64\Debug\TLibEncoder\TEncCavlc.obj
D:\HM\HM-14.0\build\vc10\x64\Debug\TLibEncoder\TEncCu.obj
D:\HM\HM-14.0\build\vc10\x64\Debug\TLibEncoder\TEncEntropy.obj
D:\HM\HM-14.0\build\vc10\x64\Debug\TLibEncoder\TEncGOP.obj
D:\HM\HM-14.0\build\vc10\x64\Debug\TLibEncoder\TEncPic.obj
D:\HM\HM-14.0\build\vc10\x64\Debug\TLibEncoder\TEncPreanalyzer.obj
D:\HM\HM-14.0\build\vc10\x64\Debug\TLibEncoder\TEncRateCtrl.obj
D:\HM\HM-14.0\build\vc10\x64\Debug\TLibEncoder\TEncSampleAdaptiveOffset.obj
D:\HM\HM-14.0\build\vc10\x64\Debug\TLibEncoder\TEncSbac.obj
D:\HM\HM-14.0\build\vc10\x64\Debug\TLibEncoder\TEncSearch.obj
D:\HM\HM-14.0\build\vc10\x64\Debug\TLibEncoder\TEncSlice.obj
D:\HM\HM-14.0\build\vc10\x64\Debug\TLibEncoder\TEncTop.obj
D:\HM\HM-14.0\build\vc10\x64\Debug\TLibEncoder\WeightPredAnalysis.obj
D:\HM\HM-14.0\build\vc10\x64\Debug\TLibEncoder\cl.command.1.tlog
D:\HM\HM-14.0\build\vc10\x64\Debug\TLibEncoder\CL.read.1.tlog
D:\HM\HM-14.0\build\vc10\x64\Debug\TLibEncoder\CL.write.1.tlog
D:\HM\HM-14.0\build\vc10\x64\Debug\TLibEncoder\Lib-link.read.1.tlog
D:\HM\HM-14.0\build\vc10\x64\Debug\TLibEncoder\Lib-link.write.1.tlog
D:\HM\HM-14.0\build\vc10\x64\Debug\TLibEncoder\lib.command.1.tlog
D:\HM\HM-14.0\build\vc10\x64\Debug\TLibEncoder\vc110.idb
D:\HM\HM-14.0\build\vc10\x64\Debug\TLibEncoder\vc110.pdb
D:\HM\HM-14.0\build\\vc10\x64\Debug\TLibEncoder\TLibEncoder.lib
